# JRE version: OpenJDK Runtime Environment (11.0.7+10) (build 11.0.7+10-post-Ubuntu-2ubuntu218.04)
# Java VM: OpenJDK 64-Bit Server VM (11.0.7+10-post-Ubuntu-2ubuntu218.04, mixed mode, sharing, tiered, compressed oops, g1 gc, linux-amd64)
Heap:
 garbage-first heap   total 413696K, used 19366K [0x000000008a400000, 0x0000000100000000)
  region size 1024K, 1 young (1024K), 1 survivors (1024K)
 Metaspace       used 17274K, capacity 18074K, committed 18304K, reserved 1064960K
  class space    used 2361K, capacity 2685K, committed 2688K, reserved 1048576K
GC Heap History (17 events):
Event: 0.997 GC heap before
{Heap before GC invocations=0 (full 0):
 garbage-first heap   total 122880K, used 9924K [0x000000008a400000, 0x0000000100000000)
  region size 1024K, 7 young (7168K), 0 survivors (0K)
 Metaspace       used 507K, capacity 4518K, committed 4864K, reserved 1056768K
  class space    used 47K, capacity 399K, committed 512K, reserved 1048576K
}
Event: 1.016 GC heap after
{Heap after GC invocations=1 (full 0):
 garbage-first heap   total 122880K, used 7814K [0x000000008a400000, 0x0000000100000000)
  region size 1024K, 1 young (1024K), 1 survivors (1024K)
 Metaspace       used 507K, capacity 4518K, committed 4864K, reserved 1056768K
  class space    used 47K, capacity 399K, committed 512K, reserved 1048576K
}
Event: 1.216 GC heap before
{Heap before GC invocations=1 (full 0):
 garbage-first heap   total 122880K, used 10886K [0x000000008a400000, 0x0000000100000000)
  region size 1024K, 5 young (5120K), 1 survivors (1024K)
 Metaspace       used 508K, capacity 4518K, committed 4864K, reserved 1056768K
  class space    used 47K, capacity 399K, committed 512K, reserved 1048576K
}
Event: 1.260 GC heap after
{Heap after GC invocations=2 (full 0):
 garbage-first heap   total 122880K, used 11651K [0x000000008a400000, 0x0000000100000000)
  region size 1024K, 1 young (1024K), 1 survivors (1024K)
 Metaspace       used 508K, capacity 4518K, committed 4864K, reserved 1056768K
  class space    used 47K, capacity 399K, committed 512K, reserved 1048576K
}
Event: 1.741 GC heap before
{Heap before GC invocations=2 (full 0):
 garbage-first heap   total 122880K, used 16771K [0x000000008a400000, 0x0000000100000000)
  region size 1024K, 7 young (7168K), 1 survivors (1024K)
 Metaspace       used 3435K, capacity 4876K, committed 4992K, reserved 1056768K
  class space    used 439K, capacity 525K, committed 640K, reserved 1048576K
}
Event: 1.754 GC heap after
{Heap after GC invocations=3 (full 0):
 garbage-first heap   total 122880K, used 14563K [0x000000008a400000, 0x0000000100000000)
  region size 1024K, 1 young (1024K), 1 survivors (1024K)
 Metaspace       used 3435K, capacity 4876K, committed 4992K, reserved 1056768K
  class space    used 439K, capacity 525K, committed 640K, reserved 1048576K
}
Event: 2.295 GC heap before
{Heap before GC invocations=3 (full 0):
 garbage-first heap   total 122880K, used 24803K [0x000000008a400000, 0x0000000100000000)
  region size 1024K, 12 young (12288K), 1 survivors (1024K)
 Metaspace       used 6538K, capacity 6930K, committed 7168K, reserved 1056768K
  class space    used 832K, capacity 996K, committed 1024K, reserved 1048576K
}
Event: 2.319 GC heap after
{Heap after GC invocations=4 (full 0):
 garbage-first heap   total 122880K, used 16339K [0x000000008a400000, 0x0000000100000000)
  region size 1024K, 2 young (2048K), 2 survivors (2048K)
 Metaspace       used 6538K, capacity 6930K, committed 7168K, reserved 1056768K
  class space    used 832K, capacity 996K, committed 1024K, reserved 1048576K
}
Event: 2.976 GC heap before
{Heap before GC invocations=4 (full 0):
 garbage-first heap   total 122880K, used 31699K [0x000000008a400000, 0x0000000100000000)
  region size 1024K, 18 young (18432K), 2 survivors (2048K)
 Metaspace       used 8232K, capacity 8725K, committed 8960K, reserved 1056768K
  class space    used 1069K, capacity 1246K, committed 1280K, reserved 1048576K
}
Event: 2.989 GC heap after
{Heap after GC invocations=5 (full 0):
 garbage-first heap   total 200704K, used 17127K [0x000000008a400000, 0x0000000100000000)
  region size 1024K, 2 young (2048K), 2 survivors (2048K)
 Metaspace       used 8232K, capacity 8725K, committed 8960K, reserved 1056768K
  class space    used 1069K, capacity 1246K, committed 1280K, reserved 1048576K
}
Event: 3.514 GC heap before
{Heap before GC invocations=5 (full 0):
 garbage-first heap   total 200704K, used 40679K [0x000000008a400000, 0x0000000100000000)
  region size 1024K, 26 young (26624K), 2 survivors (2048K)
 Metaspace       used 11782K, capacity 12413K, committed 12672K, reserved 1060864K
  class space    used 1550K, capacity 1795K, committed 1920K, reserved 1048576K
}
Event: 3.533 GC heap after
{Heap after GC invocations=6 (full 0):
 garbage-first heap   total 200704K, used 18138K [0x000000008a400000, 0x0000000100000000)
  region size 1024K, 3 young (3072K), 3 survivors (3072K)
 Metaspace       used 11782K, capacity 12413K, committed 12672K, reserved 1060864K
  class space    used 1550K, capacity 1795K, committed 1920K, reserved 1048576K
}
Event: 13.071 GC heap before
{Heap before GC invocations=6 (full 0):
 garbage-first heap   total 200704K, used 53978K [0x000000008a400000, 0x0000000100000000)
  region size 1024K, 39 young (39936K), 3 survivors (3072K)
 Metaspace       used 16037K, capacity 16775K, committed 16896K, reserved 1062912K
  class space    used 2210K, capacity 2508K, committed 2560K, reserved 1048576K
}
Event: 13.567 GC heap after
{Heap after GC invocations=7 (full 0):
 garbage-first heap   total 200704K, used 19471K [0x000000008a400000, 0x0000000100000000)
  region size 1024K, 4 young (4096K), 4 survivors (4096K)
 Metaspace       used 16037K, capacity 16775K, committed 16896K, reserved 1062912K
  class space    used 2210K, capacity 2508K, committed 2560K, reserved 1048576K
}
Event: 15.336 GC heap before
{Heap before GC invocations=7 (full 0):
 garbage-first heap   total 200704K, used 24591K [0x000000008a400000, 0x0000000100000000)
  region size 1024K, 9 young (9216K), 4 survivors (4096K)
 Metaspace       used 16546K, capacity 17292K, committed 17408K, reserved 1064960K
  class space    used 2267K, capacity 2552K, committed 2560K, reserved 1048576K
}
Event: 16.175 GC heap after
{Heap after GC invocations=8 (full 0):
 garbage-first heap   total 200704K, used 19650K [0x000000008a400000, 0x0000000100000000)
  region size 1024K, 1 young (1024K), 1 survivors (1024K)
 Metaspace       used 16546K, capacity 17292K, committed 17408K, reserved 1064960K
  class space    used 2267K, capacity 2552K, committed 2560K, reserved 1048576K
}
Event: 19.719 GC heap before
{Heap before GC invocations=8 (full 0):
 garbage-first heap   total 200704K, used 26818K [0x000000008a400000, 0x0000000100000000)
  region size 1024K, 9 young (9216K), 1 survivors (1024K)
 Metaspace       used 17274K, capacity 18074K, committed 18304K, reserved 1064960K
  class space    used 2361K, capacity 2685K, committed 2688K, reserved 1048576K
}

